Arguments: 
  /usr/local/bin/node /usr/local/bin/yarn

PATH: 
  /usr/local/opt/mysql@5.7/bin:/Library/PostgreSQL/9.6/bin/:/Library/PostgreSQL/9.6/bin/:/usr/local/bin:/usr/bin:/bin:/usr/sbin:/sbin:/opt/X11/bin:/Library/Apple/usr/bin:/usr/local/opt/mysql@5.7/bin:/Library/PostgreSQL/9.6/bin/:/Users/akashrajput/Library/Android/sdk/tools:/Users/akashrajput/Library/Android/sdk/platform-tools:/Users/akashrajput/Library/Android/sdk/tools:/Users/akashrajput/Library/Android/sdk/platform-tools

Yarn version: 
  1.21.1

Node version: 
  10.16.2

Platform: 
  darwin x64

Trace: 
  Error: https://registry.yarnpkg.com/react: ESOCKETTIMEDOUT
      at ClientRequest.<anonymous> (/usr/local/lib/node_modules/yarn/lib/cli.js:141292:19)
      at Object.onceWrapper (events.js:286:20)
      at ClientRequest.emit (events.js:198:13)
      at TLSSocket.emitRequestTimeout (_http_client.js:662:40)
      at Object.onceWrapper (events.js:286:20)
      at TLSSocket.emit (events.js:198:13)
      at TLSSocket.Socket._onTimeout (net.js:442:8)
      at ontimeout (timers.js:436:11)
      at tryOnTimeout (timers.js:300:5)
      at listOnTimeout (timers.js:263:5)

npm manifest: 
  {
    "name": "code-splitting",
    "version": "0.0.1",
    "description": "",
    "main": "index.js",
    "scripts": {
      "start": "react-scripts start",
      "build": "react-scripts build",
      "test": "react-scripts test --env=jsdom",
      "eject": "react-scripts eject"
    },
    "dependencies": {
      "react": "17.0.2",
      "react-dom": "17.0.2",
      "react-scripts": "4.0.0"
    },
    "devDependencies": {
      "typescript": "4.1.3"
    },
    "author": "",
    "license": "ISC"
  }

yarn manifest: 
  No manifest

Lockfile: 
  No lockfile
